2020-01-01 13:15:40,352 INFO o.a.j.u.JMeterUtils: Setting Locale to en_EN
2020-01-01 13:15:40,362 INFO o.a.j.JMeter: Loading user properties from: /root/PT/tools/apache-jmeter-5.1.1/bin/user.properties
2020-01-01 13:15:40,362 INFO o.a.j.JMeter: Loading system properties from: /root/PT/tools/apache-jmeter-5.1.1/bin/system.properties
2020-01-01 13:15:40,362 INFO o.a.j.JMeter: Setting JMeter property: users=10
2020-01-01 13:15:40,362 INFO o.a.j.JMeter: Setting JMeter property: rampup=10
2020-01-01 13:15:40,362 INFO o.a.j.JMeter: Setting JMeter property: loopcount=10
2020-01-01 13:15:40,362 INFO o.a.j.JMeter: Setting JMeter property: ThinkTime=500
2020-01-01 13:15:40,363 INFO o.a.j.JMeter: Setting JMeter property: HOST=internal-alerting-int-clb-1775650714.us-east-1.elb.amazonaws.com
2020-01-01 13:15:40,363 INFO o.a.j.JMeter: Setting JMeter property: dirpath=/root/PT/projects/AutomationEngine
2020-01-01 13:15:40,366 INFO o.a.j.JMeter: Copyright (c) 1998-2019 The Apache Software Foundation
2020-01-01 13:15:40,366 INFO o.a.j.JMeter: Version 5.1.1 r1855137
2020-01-01 13:15:40,366 INFO o.a.j.JMeter: java.version=1.8.0_131
2020-01-01 13:15:40,366 INFO o.a.j.JMeter: java.vm.name=Java HotSpot(TM) 64-Bit Server VM
2020-01-01 13:15:40,366 INFO o.a.j.JMeter: os.name=Linux
2020-01-01 13:15:40,366 INFO o.a.j.JMeter: os.arch=amd64
2020-01-01 13:15:40,366 INFO o.a.j.JMeter: os.version=4.15.0-1056-aws
2020-01-01 13:15:40,366 INFO o.a.j.JMeter: file.encoding=UTF-8
2020-01-01 13:15:40,367 INFO o.a.j.JMeter: java.awt.headless=true
2020-01-01 13:15:40,367 INFO o.a.j.JMeter: Max memory     =4294967296
2020-01-01 13:15:40,367 INFO o.a.j.JMeter: Available Processors =8
2020-01-01 13:15:40,369 INFO o.a.j.JMeter: Default Locale=English (EN)
2020-01-01 13:15:40,370 INFO o.a.j.JMeter: JMeter  Locale=English (EN)
2020-01-01 13:15:40,370 INFO o.a.j.JMeter: JMeterHome=/root/PT/tools/apache-jmeter-5.1.1
2020-01-01 13:15:40,370 INFO o.a.j.JMeter: user.dir  =/root/PT/projects/AutomationEngine/logs
2020-01-01 13:15:40,370 INFO o.a.j.JMeter: PWD       =/root/PT/projects/AutomationEngine/logs
2020-01-01 13:15:40,370 INFO o.a.j.JMeter: IP: 172.28.18.250 Name: ip-172-28-18-250 FullName: ip-172-28-18-250.ec2.internal
2020-01-01 13:15:40,373 INFO o.a.j.s.FileServer: Default base='/root/PT/projects/AutomationEngine/logs'
2020-01-01 13:15:40,376 INFO o.a.j.s.FileServer: Set new base='/root/PT/projects/AutomationEngine'
2020-01-01 13:15:40,471 INFO o.a.j.s.SaveService: Testplan (JMX) version: 2.2. Testlog (JTL) version: 2.2
2020-01-01 13:15:40,475 INFO o.a.j.s.SaveService: Using SaveService properties file encoding UTF-8
2020-01-01 13:15:40,479 INFO o.a.j.s.SaveService: Using SaveService properties version 5.0
2020-01-01 13:15:40,483 INFO o.a.j.s.SaveService: Loading file: /root/PT/projects/AutomationEngine/Automation_Engine.jmx
2020-01-01 13:15:40,519 INFO o.a.j.p.h.s.HTTPSamplerBase: Parser for text/html is org.apache.jmeter.protocol.http.parser.LagartoBasedHtmlParser
2020-01-01 13:15:40,519 INFO o.a.j.p.h.s.HTTPSamplerBase: Parser for application/xhtml+xml is org.apache.jmeter.protocol.http.parser.LagartoBasedHtmlParser
2020-01-01 13:15:40,519 INFO o.a.j.p.h.s.HTTPSamplerBase: Parser for application/xml is org.apache.jmeter.protocol.http.parser.LagartoBasedHtmlParser
2020-01-01 13:15:40,519 INFO o.a.j.p.h.s.HTTPSamplerBase: Parser for text/xml is org.apache.jmeter.protocol.http.parser.LagartoBasedHtmlParser
2020-01-01 13:15:40,519 INFO o.a.j.p.h.s.HTTPSamplerBase: Parser for text/vnd.wap.wml is org.apache.jmeter.protocol.http.parser.RegexpHTMLParser
2020-01-01 13:15:40,519 INFO o.a.j.p.h.s.HTTPSamplerBase: Parser for text/css is org.apache.jmeter.protocol.http.parser.CssParser
2020-01-01 13:15:40,547 INFO o.a.j.JMeter: Creating summariser <summary>
2020-01-01 13:15:40,551 INFO o.a.j.e.StandardJMeterEngine: Running the test!
2020-01-01 13:15:40,551 INFO o.a.j.s.SampleEvent: List of sample_variables: []
2020-01-01 13:15:40,552 INFO o.a.j.s.SampleEvent: List of sample_variables: []
2020-01-01 13:15:40,556 INFO o.a.j.e.u.CompoundVariable: Note: Function class names must contain the string: '.functions.'
2020-01-01 13:15:40,556 INFO o.a.j.e.u.CompoundVariable: Note: Function class names must not contain the string: '.gui.'
2020-01-01 13:15:40,841 INFO o.a.j.JMeter: Running test (1577864740841)
2020-01-01 13:15:40,893 INFO o.a.j.e.StandardJMeterEngine: Starting ThreadGroup: 1 : AE
2020-01-01 13:15:40,894 INFO o.a.j.e.StandardJMeterEngine: Starting 10 threads for group AE.
2020-01-01 13:15:40,896 INFO o.a.j.e.StandardJMeterEngine: Thread will continue on error
2020-01-01 13:15:40,896 INFO o.a.j.t.ThreadGroup: Starting thread group... number=1 threads=10 ramp-up=10 delayedStart=false
2020-01-01 13:15:40,907 INFO o.a.j.t.ThreadGroup: Started thread group number 1
2020-01-01 13:15:40,907 INFO o.a.j.e.StandardJMeterEngine: All thread groups have been started
2020-01-01 13:15:40,934 INFO o.a.j.t.JMeterThread: Thread started: AE 1-1
2020-01-01 13:15:40,935 INFO o.a.j.s.FileServer: Stored: /root/PT/projects/AutomationEngine/data/ConditionId.csv
2020-01-01 13:15:40,935 INFO o.a.j.s.FileServer: Stored: /root/PT/projects/AutomationEngine/data/CreateAlert.csv Alias: /root/PT/projects/AutomationEngine/data/CreateAlert.csv@65488937
2020-01-01 13:15:41,449 INFO o.a.j.p.h.s.HTTPHCAbstractImpl: Local host = ip-172-28-18-250
2020-01-01 13:15:41,454 INFO o.a.j.p.h.s.HTTPHC4Impl: HTTP request retry count = 0
2020-01-01 13:15:41,455 INFO o.a.j.s.SampleResult: Note: Sample TimeStamps are START times
2020-01-01 13:15:41,455 INFO o.a.j.s.SampleResult: sampleresult.default.encoding is set to ISO-8859-1
2020-01-01 13:15:41,455 INFO o.a.j.s.SampleResult: sampleresult.useNanoTime=true
2020-01-01 13:15:41,456 INFO o.a.j.s.SampleResult: sampleresult.nanoThreadSleep=5000
2020-01-01 13:15:41,928 INFO o.a.j.t.JMeterThread: Thread started: AE 1-2
2020-01-01 13:15:42,927 INFO o.a.j.t.JMeterThread: Thread started: AE 1-3
2020-01-01 13:15:43,229 INFO o.a.j.u.JsseSSLManager: Using default SSL protocol: TLS
2020-01-01 13:15:43,229 INFO o.a.j.u.JsseSSLManager: SSL session context: per-thread
2020-01-01 13:15:43,926 INFO o.a.j.t.JMeterThread: Thread started: AE 1-4
2020-01-01 13:15:44,927 INFO o.a.j.t.JMeterThread: Thread started: AE 1-5
2020-01-01 13:15:45,927 INFO o.a.j.t.JMeterThread: Thread started: AE 1-6
2020-01-01 13:15:46,924 INFO o.a.j.t.JMeterThread: Thread started: AE 1-7
2020-01-01 13:15:47,923 INFO o.a.j.t.JMeterThread: Thread started: AE 1-8
2020-01-01 13:15:48,923 INFO o.a.j.t.JMeterThread: Thread started: AE 1-9
2020-01-01 13:15:49,922 INFO o.a.j.t.JMeterThread: Thread started: AE 1-10
2020-01-01 13:15:56,822 INFO o.a.j.t.JMeterThread: Thread is done: AE 1-1
2020-01-01 13:15:56,822 INFO o.a.j.t.JMeterThread: Thread finished: AE 1-1
2020-01-01 13:15:57,689 INFO o.a.j.t.JMeterThread: Thread is done: AE 1-2
2020-01-01 13:15:57,689 INFO o.a.j.t.JMeterThread: Thread finished: AE 1-2
2020-01-01 13:15:58,722 INFO o.a.j.t.JMeterThread: Thread is done: AE 1-3
2020-01-01 13:15:58,722 INFO o.a.j.t.JMeterThread: Thread finished: AE 1-3
2020-01-01 13:15:59,618 INFO o.a.j.t.JMeterThread: Thread is done: AE 1-4
2020-01-01 13:15:59,618 INFO o.a.j.t.JMeterThread: Thread finished: AE 1-4
2020-01-01 13:16:00,074 INFO o.a.j.r.Summariser: summary +    260 in 00:00:19 =   13.5/s Avg:    26 Min:     5 Max:   187 Err:     0 (0.00%) Active: 6 Started: 10 Finished: 4
2020-01-01 13:16:00,666 INFO o.a.j.t.JMeterThread: Thread is done: AE 1-5
2020-01-01 13:16:00,666 INFO o.a.j.t.JMeterThread: Thread finished: AE 1-5
2020-01-01 13:16:01,739 INFO o.a.j.t.JMeterThread: Thread is done: AE 1-6
2020-01-01 13:16:01,739 INFO o.a.j.t.JMeterThread: Thread finished: AE 1-6
2020-01-01 13:16:02,708 INFO o.a.j.t.JMeterThread: Thread is done: AE 1-7
2020-01-01 13:16:02,708 INFO o.a.j.t.JMeterThread: Thread finished: AE 1-7
2020-01-01 13:16:03,715 INFO o.a.j.t.JMeterThread: Thread is done: AE 1-8
2020-01-01 13:16:03,715 INFO o.a.j.t.JMeterThread: Thread finished: AE 1-8
2020-01-01 13:16:05,002 INFO o.a.j.t.JMeterThread: Thread is done: AE 1-9
2020-01-01 13:16:05,002 INFO o.a.j.t.JMeterThread: Thread finished: AE 1-9
2020-01-01 13:16:06,008 INFO o.a.j.t.JMeterThread: Thread is done: AE 1-10
2020-01-01 13:16:06,008 INFO o.a.j.t.JMeterThread: Thread finished: AE 1-10
2020-01-01 13:16:06,008 INFO o.a.j.e.StandardJMeterEngine: Notifying test listeners of end of test
2020-01-01 13:16:06,009 INFO o.a.j.s.FileServer: Close: /root/PT/projects/AutomationEngine/data/ConditionId.csv
2020-01-01 13:16:06,009 INFO o.a.j.s.FileServer: Close: /root/PT/projects/AutomationEngine/data/CreateAlert.csv@65488937
2020-01-01 13:16:06,009 INFO o.a.j.r.Summariser: summary +     40 in 00:00:06 =    6.7/s Avg:    36 Min:     7 Max:   325 Err:     0 (0.00%) Active: 0 Started: 10 Finished: 10
2020-01-01 13:16:06,009 INFO o.a.j.r.Summariser: summary =    300 in 00:00:25 =   11.9/s Avg:    27 Min:     5 Max:   325 Err:     0 (0.00%)
